<?xml version="1.0" encoding="UTF-8"?>
<testng-results ignored="0" total="1" passed="1" failed="0" skipped="0">
  <reporter-output>
  </reporter-output>
  <suite started-at="2023-06-12T01:39:54 PDT" name="Default suite" finished-at="2023-06-12T01:40:12 PDT" duration-ms="17854">
    <groups>
    </groups>
    <test started-at="2023-06-12T01:39:54 PDT" name="Default test" finished-at="2023-06-12T01:40:12 PDT" duration-ms="17854">
      <class name="testFramework.StandaloneTest">
        <test-method is-config="true" signature="launchApp()[pri:0, instance:testFramework.StandaloneTest@3c77d488]" started-at="2023-06-12T01:39:54 PDT" name="launchApp" finished-at="2023-06-12T01:40:05 PDT" duration-ms="10488" status="PASS">
          <reporter-output>
          </reporter-output>
        </test-method> <!-- launchApp -->
        <test-method signature="submitOrder()[pri:0, instance:testFramework.StandaloneTest@3c77d488]" started-at="2023-06-12T01:40:05 PDT" name="submitOrder" finished-at="2023-06-12T01:40:11 PDT" duration-ms="6740" status="PASS">
          <reporter-output>
          </reporter-output>
        </test-method> <!-- submitOrder -->
        <test-method is-config="true" signature="tearDown()[pri:0, instance:testFramework.StandaloneTest@3c77d488]" started-at="2023-06-12T01:40:11 PDT" name="tearDown" finished-at="2023-06-12T01:40:12 PDT" duration-ms="588" status="PASS">
          <reporter-output>
          </reporter-output>
        </test-method> <!-- tearDown -->
      </class> <!-- testFramework.StandaloneTest -->
    </test> <!-- Default test -->
  </suite> <!-- Default suite -->
</testng-results>
